<?xml version="1.0" encoding="UTF-8"?>
<!-- Generated by org.testng.reporters.JUnitReportReporter -->
<testsuite skipped="0" hostname="SILVERAIN" name="pageAction.FacebookLogin" tests="1" failures="0" timestamp="09 Oct 2018 05:46:48 GMT" time="17.199" errors="0">
  <testcase name="launch" time="17.199" classname="pageAction.FacebookLogin"/>
</testsuite> <!-- pageAction.FacebookLogin -->
