<?xml version="1.0" encoding="UTF-8"?>
<!-- Generated by org.testng.reporters.JUnitReportReporter -->
<testsuite skipped="0" hostname="SILVERAIN" name="pageAction.saleasForce" tests="1" failures="0" timestamp="28 Sep 2018 04:37:29 GMT" time="38.807" errors="0">
  <testcase name="salesForceLogin" time="38.807" classname="pageAction.saleasForce"/>
</testsuite> <!-- pageAction.saleasForce -->
