<?xml version="1.0" encoding="UTF-8"?>
<!-- Generated by org.testng.reporters.JUnitReportReporter -->
<testsuite skipped="0" hostname="SILVERAIN" name="pageAction.CookiesTest" tests="1" failures="0" timestamp="09 Oct 2018 05:46:48 GMT" time="30.690" errors="0">
  <testcase name="getCookies" time="30.690" classname="pageAction.CookiesTest"/>
</testsuite> <!-- pageAction.CookiesTest -->
